app/build/intermediates/manifest_merge_blame_file/debug/manifest-merger-blame-debug-report.txt
1<?xml version="1.0" encoding="utf-8"?>
2<manifest xmlns:android="http://schemas.android.com/apk/res/android"
3    package="com.chand.learning.newsapp"
4    android:versionCode="1"
5    android:versionName="1.0" >
6
7    <uses-sdk
8        android:minSdkVersion="21"
8-->src/main/AndroidManifest.xml
9        android:targetSdkVersion="30" />
9-->src/main/AndroidManifest.xml
10
11    <uses-permission android:name="android.permission.INTERNET" />
11-->src/main/AndroidManifest.xml:5:5-66
11-->src/main/AndroidManifest.xml:5:22-64
12    <uses-permission android:name="android.permission.ACCESS_NETWORK_STATE" />
12-->src/main/AndroidManifest.xml:6:5-78
12-->src/main/AndroidManifest.xml:6:22-76
13
14    <application
14-->src/main/AndroidManifest.xml:8:5-22:19
15        android:allowBackup="true"
15-->src/main/AndroidManifest.xml:9:9-35
16        android:appComponentFactory="androidx.core.app.CoreComponentFactory"
16-->[androidx.core:core:1.3.1] AndroidManifest.xml:24:18-86
17        android:debuggable="true"
18        android:icon="@mipmap/ic_launcher"
18-->src/main/AndroidManifest.xml:10:9-43
19        android:label="@string/app_name"
19-->src/main/AndroidManifest.xml:11:9-41
20        android:roundIcon="@mipmap/ic_launcher_round"
20-->src/main/AndroidManifest.xml:12:9-54
21        android:supportsRtl="true"
21-->src/main/AndroidManifest.xml:13:9-35
22        android:testOnly="true"
23        android:theme="@style/Base.Theme.NewsApp"
23-->src/main/AndroidManifest.xml:15:9-50
24        android:usesCleartextTraffic="true" >
24-->src/main/AndroidManifest.xml:14:9-44
25        <activity android:name="com.chand.learning.newsapp.MainActivity" >
25-->src/main/AndroidManifest.xml:16:9-21:20
25-->src/main/AndroidManifest.xml:16:19-47
26            <intent-filter>
26-->src/main/AndroidManifest.xml:17:13-20:29
27                <action android:name="android.intent.action.MAIN" />
27-->src/main/AndroidManifest.xml:18:17-69
27-->src/main/AndroidManifest.xml:18:25-66
28
29                <category android:name="android.intent.category.LAUNCHER" />
29-->src/main/AndroidManifest.xml:19:17-77
29-->src/main/AndroidManifest.xml:19:27-74
30            </intent-filter>
31        </activity>
32
33        <service
33-->[androidx.room:room-runtime:2.2.5] AndroidManifest.xml:25:9-28:40
34            android:name="androidx.room.MultiInstanceInvalidationService"
34-->[androidx.room:room-runtime:2.2.5] AndroidManifest.xml:26:13-74
35            android:directBootAware="true"
35-->[androidx.room:room-runtime:2.2.5] AndroidManifest.xml:27:13-43
36            android:exported="false" />
36-->[androidx.room:room-runtime:2.2.5] AndroidManifest.xml:28:13-37
37
38        <provider
38-->[androidx.lifecycle:lifecycle-process:2.2.0] AndroidManifest.xml:25:9-29:43
39            android:name="androidx.lifecycle.ProcessLifecycleOwnerInitializer"
39-->[androidx.lifecycle:lifecycle-process:2.2.0] AndroidManifest.xml:26:13-79
40            android:authorities="com.chand.learning.newsapp.lifecycle-process"
40-->[androidx.lifecycle:lifecycle-process:2.2.0] AndroidManifest.xml:27:13-69
41            android:exported="false"
41-->[androidx.lifecycle:lifecycle-process:2.2.0] AndroidManifest.xml:28:13-37
42            android:multiprocess="true" />
42-->[androidx.lifecycle:lifecycle-process:2.2.0] AndroidManifest.xml:29:13-40
43    </application>
44
45</manifest>